2023-09-08T20:23:08.097Z [INFO] Generated OTP 9201 for sauravhathi680@gmail.com
2023-09-08T20:23:08.098Z [INFO] Generated OTP 9201 for sauravhathi680@gmail.com
2023-09-08T20:24:00.572Z [INFO] Cleared expired OTPs
2023-09-08T20:24:42.175Z [INFO] OTP already exists for sauravhathi680@gmail.com
2023-09-08T20:25:30.186Z [INFO] Generated OTP 1160 for sauravhathi680@gmail.com
2023-09-08T20:25:38.808Z [INFO] OTP 1160 already exists for sauravhathi680@gmail.com
2023-09-08T20:26:00.766Z [INFO] Cleared expired OTPs
2023-09-08T20:26:07.884Z [INFO] Verified OTP 1160 for sauravhathi680@gmail.com
2023-09-08T20:34:00.376Z [INFO] Cleared expired OTPs
2023-09-08T20:36:00.301Z [INFO] Cleared expired OTPs
2023-09-08T20:38:01.213Z [INFO] Cleared expired OTPs
2023-09-08T20:40:00.475Z [INFO] Cleared expired OTPs
2023-09-08T20:44:01.777Z [INFO] Cleared expired OTPs
2023-09-08T20:48:00.091Z [INFO] Cleared expired OTPs
2023-09-08T20:50:00.704Z [INFO] Cleared expired OTPs
2023-09-08T20:55:22.544Z [INFO] Generated OTP 2632 for sauravhathi680@gmail.com
2023-09-08T20:55:22.544Z [ERROR] Failed to generate OTP
2023-09-08T20:56:00.982Z [INFO] Cleared expired OTPs
2023-09-08T20:56:36.909Z [INFO] OTP 2632 already exists for sauravhathi680@gmail.com
2023-09-08T20:56:36.910Z [ERROR] Failed to generate OTP
2023-09-08T20:57:06.269Z [INFO] OTP 2632 already exists for sauravhathi680@gmail.com
2023-09-08T20:58:05.560Z [INFO] Generated OTP 6147 for sauravhathi680@gmail.com
2023-09-08T20:58:52.982Z [INFO] OTP 6147 already exists for sauravhathi680@gmail.com
2023-09-08T20:59:35.779Z [INFO] OTP 6147 already exists for sauravhathi680@gmail.com
2023-09-08T21:00:00.678Z [INFO] Cleared expired OTPs
2023-09-08T21:00:34.087Z [INFO] Generated OTP 1667 for sauravhathi680@gmail.com
2023-09-08T21:01:44.632Z [INFO] OTP 1667 already exists for sauravhathi680@gmail.com
2023-09-08T21:02:00.080Z [INFO] Cleared expired OTPs
2023-09-08T21:02:33.874Z [INFO] Verified OTP 1667 for sauravhathi680@gmail.com
2023-09-08T21:02:35.796Z [ERROR] Failed to verify OTP
2023-09-08T21:02:35.796Z [ERROR] Failed to verify OTP
2023-09-08T21:02:37.204Z [ERROR] Failed to verify OTP
2023-09-08T21:02:37.204Z [ERROR] Failed to verify OTP
2023-09-08T21:02:39.594Z [ERROR] Failed to verify OTP
2023-09-08T21:02:39.594Z [ERROR] Failed to verify OTP
2023-09-08T21:02:40.498Z [ERROR] Failed to verify OTP
2023-09-08T21:02:40.498Z [ERROR] Failed to verify OTP
2023-09-08T21:04:00.952Z [INFO] Cleared expired OTPs
2023-09-08T21:06:00.389Z [INFO] Cleared expired OTPs
2023-09-08T21:06:22.456Z [INFO] Generated OTP 7413 for sauravhathi680@gmail.com
2023-09-08T21:06:23.922Z [INFO] OTP 7413 already exists for sauravhathi680@gmail.com
2023-09-08T21:06:33.094Z [INFO] Verified OTP 7413 for sauravhathi680@gmail.com
2023-09-08T21:06:34.283Z [ERROR] Failed to verify OTP
2023-09-08T21:06:34.284Z [ERROR] Failed to verify OTP
2023-09-08T21:06:35.995Z [ERROR] Failed to verify OTP
2023-09-08T21:06:35.995Z [ERROR] Failed to verify OTP
2023-09-08T21:06:40.173Z [ERROR] Failed to verify OTP
2023-09-08T21:06:40.174Z [ERROR] Failed to verify OTP
2023-09-08T21:06:41.063Z [ERROR] Failed to verify OTP
2023-09-08T21:06:41.064Z [ERROR] Failed to verify OTP
2023-09-08T21:06:47.303Z [ERROR] Failed to verify OTP
2023-09-08T21:06:47.304Z [ERROR] Failed to verify OTP
2023-09-08T21:08:00.179Z [INFO] Cleared expired OTPs
2023-09-08T21:10:00.952Z [INFO] Cleared expired OTPs
2023-09-08T21:12:00.814Z [INFO] Cleared expired OTPs
2023-09-08T21:12:16.766Z [INFO] Generated OTP 2889 for sauravhathi680@gmail.com
2023-09-08T21:12:23.838Z [INFO] Verified OTP 2889 for sauravhathi680@gmail.com
